<?xml version="1.0" encoding="UTF-8"?>
<testsuite xmlns:xsi="http://www.w3.org/2001/XMLSchema-instance" xsi:noNamespaceSchemaLocation="https://maven.apache.org/surefire/maven-surefire-plugin/xsd/surefire-test-report.xsd" name="hello.ContractRestClientApplicationTest" time="3.935" tests="1" errors="0" skipped="0" failures="1">
  <properties>
[...]
</properties>
  <testcase name="get_person_from_service_contract" classname="hello.ContractRestClientApplicationTest" time="1.748">
    <failure message="&#10;Expecting:&#10; &lt;&quot;outro nome&quot;&gt;&#10;to be equal to:&#10; &lt;&quot;outro nome versão 3&quot;&gt;&#10;but was not." type="org.opentest4j.AssertionFailedError"><![CDATA[org.opentest4j.AssertionFailedError: 

Expecting:
 <"outro nome">
to be equal to:
 <"outro nome versão 3">
but was not.
	at hello.ContractRestClientApplicationTest.get_person_from_service_contract(ContractRestClientApplicationTest.java:33)
]]></failure>
    <system-out><![CDATA[18:46:44.914 [main] DEBUG org.springframework.test.context.BootstrapUtils - Instantiating CacheAwareContextLoaderDelegate from class [org.springframework.test.context.cache.DefaultCacheAwareContextLoaderDelegate]
18:46:44.923 [main] DEBUG org.springframework.test.context.BootstrapUtils - Instantiating BootstrapContext using constructor [public org.springframework.test.context.support.DefaultBootstrapContext(java.lang.Class,org.springframework.test.context.CacheAwareContextLoaderDelegate)]
18:46:44.952 [main] DEBUG org.springframework.test.context.BootstrapUtils - Instantiating TestContextBootstrapper for test class [hello.ContractRestClientApplicationTest] from class [org.springframework.boot.test.context.SpringBootTestContextBootstrapper]
18:46:44.960 [main] INFO org.springframework.boot.test.context.SpringBootTestContextBootstrapper - Neither @ContextConfiguration nor @ContextHierarchy found for test class [hello.ContractRestClientApplicationTest], using SpringBootContextLoader
18:46:44.963 [main] DEBUG org.springframework.test.context.support.AbstractContextLoader - Did not detect default resource location for test class [hello.ContractRestClientApplicationTest]: class path resource [hello/ContractRestClientApplicationTest-context.xml] does not exist
18:46:44.964 [main] DEBUG org.springframework.test.context.support.AbstractContextLoader - Did not detect default resource location for test class [hello.ContractRestClientApplicationTest]: class path resource [hello/ContractRestClientApplicationTestContext.groovy] does not exist
18:46:44.964 [main] INFO org.springframework.test.context.support.AbstractContextLoader - Could not detect default resource locations for test class [hello.ContractRestClientApplicationTest]: no resource found for suffixes {-context.xml, Context.groovy}.
18:46:44.965 [main] INFO org.springframework.test.context.support.AnnotationConfigContextLoaderUtils - Could not detect default configuration classes for test class [hello.ContractRestClientApplicationTest]: ContractRestClientApplicationTest does not declare any static, non-private, non-final, nested classes annotated with @Configuration.
18:46:45.006 [main] DEBUG org.springframework.test.context.support.ActiveProfilesUtils - Could not find an 'annotation declaring class' for annotation type [org.springframework.test.context.ActiveProfiles] and class [hello.ContractRestClientApplicationTest]
18:46:45.059 [main] DEBUG org.springframework.context.annotation.ClassPathScanningCandidateComponentProvider - Identified candidate component class: file [/home/7comm/workspace/curso-microsservicos-b3/aula-10/examples/complete/contract-rest-client/target/classes/hello/ContractRestClientApplication.class]
18:46:45.068 [main] INFO org.springframework.boot.test.context.SpringBootTestContextBootstrapper - Found @SpringBootConfiguration hello.ContractRestClientApplication for test class hello.ContractRestClientApplicationTest
18:46:45.129 [main] DEBUG org.springframework.boot.test.context.SpringBootTestContextBootstrapper - @TestExecutionListeners is not present for class [hello.ContractRestClientApplicationTest]: using defaults.
18:46:45.130 [main] INFO org.springframework.boot.test.context.SpringBootTestContextBootstrapper - Loaded default TestExecutionListener class names from location [META-INF/spring.factories]: [org.springframework.boot.test.mock.mockito.MockitoTestExecutionListener, org.springframework.boot.test.mock.mockito.ResetMocksTestExecutionListener, org.springframework.boot.test.autoconfigure.restdocs.RestDocsTestExecutionListener, org.springframework.boot.test.autoconfigure.web.client.MockRestServiceServerResetTestExecutionListener, org.springframework.boot.test.autoconfigure.web.servlet.MockMvcPrintOnlyOnFailureTestExecutionListener, org.springframework.boot.test.autoconfigure.web.servlet.WebDriverTestExecutionListener, org.springframework.boot.test.autoconfigure.webservices.client.MockWebServiceServerTestExecutionListener, org.springframework.test.context.web.ServletTestExecutionListener, org.springframework.test.context.support.DirtiesContextBeforeModesTestExecutionListener, org.springframework.test.context.event.ApplicationEventsTestExecutionListener, org.springframework.test.context.support.DependencyInjectionTestExecutionListener, org.springframework.test.context.support.DirtiesContextTestExecutionListener, org.springframework.test.context.transaction.TransactionalTestExecutionListener, org.springframework.test.context.jdbc.SqlScriptsTestExecutionListener, org.springframework.test.context.event.EventPublishingTestExecutionListener, org.springframework.cloud.contract.stubrunner.provider.wiremock.StubRunnerWireMockTestExecutionListener, org.springframework.cloud.contract.wiremock.WireMockTestExecutionListener]
18:46:45.141 [main] DEBUG org.springframework.boot.test.context.SpringBootTestContextBootstrapper - Skipping candidate TestExecutionListener [org.springframework.test.context.transaction.TransactionalTestExecutionListener] due to a missing dependency. Specify custom listener classes or make the default listener classes and their required dependencies available. Offending class: [org/springframework/transaction/interceptor/TransactionAttributeSource]
18:46:45.142 [main] DEBUG org.springframework.boot.test.context.SpringBootTestContextBootstrapper - Skipping candidate TestExecutionListener [org.springframework.test.context.jdbc.SqlScriptsTestExecutionListener] due to a missing dependency. Specify custom listener classes or make the default listener classes and their required dependencies available. Offending class: [org/springframework/transaction/interceptor/TransactionAttribute]
18:46:45.143 [main] INFO org.springframework.boot.test.context.SpringBootTestContextBootstrapper - Using TestExecutionListeners: [org.springframework.test.context.web.ServletTestExecutionListener@7fcf2fc1, org.springframework.test.context.support.DirtiesContextBeforeModesTestExecutionListener@2141a12, org.springframework.test.context.event.ApplicationEventsTestExecutionListener@4196c360, org.springframework.boot.test.mock.mockito.MockitoTestExecutionListener@41294f8, org.springframework.boot.test.autoconfigure.SpringBootDependencyInjectionTestExecutionListener@225129c, org.springframework.test.context.support.DirtiesContextTestExecutionListener@20435c40, org.springframework.test.context.event.EventPublishingTestExecutionListener@573906eb, org.springframework.boot.test.mock.mockito.ResetMocksTestExecutionListener@479ceda0, org.springframework.boot.test.autoconfigure.restdocs.RestDocsTestExecutionListener@6d07a63d, org.springframework.boot.test.autoconfigure.web.client.MockRestServiceServerResetTestExecutionListener@571c5681, org.springframework.boot.test.autoconfigure.web.servlet.MockMvcPrintOnlyOnFailureTestExecutionListener@488d1cd7, org.springframework.boot.test.autoconfigure.web.servlet.WebDriverTestExecutionListener@68dc098b, org.springframework.boot.test.autoconfigure.webservices.client.MockWebServiceServerTestExecutionListener@38ba6ce3, org.springframework.cloud.contract.stubrunner.provider.wiremock.StubRunnerWireMockTestExecutionListener@d278d2b, org.springframework.cloud.contract.wiremock.WireMockTestExecutionListener@2d6c53fc]
18:46:45.145 [main] DEBUG org.springframework.test.context.support.AbstractDirtiesContextTestExecutionListener - Before test class: context [DefaultTestContext@71329995 testClass = ContractRestClientApplicationTest, testInstance = [null], testMethod = [null], testException = [null], mergedContextConfiguration = [WebMergedContextConfiguration@768fc0f2 testClass = ContractRestClientApplicationTest, locations = '{}', classes = '{class hello.ContractRestClientApplication}', contextInitializerClasses = '[]', activeProfiles = '{}', propertySourceLocations = '{}', propertySourceProperties = '{org.springframework.boot.test.context.SpringBootTestContextBootstrapper=true}', contextCustomizers = set[org.springframework.boot.test.context.filter.ExcludeFilterContextCustomizer@10959ece, org.springframework.boot.test.json.DuplicateJsonObjectContextCustomizerFactory$DuplicateJsonObjectContextCustomizer@65f095f8, org.springframework.boot.test.mock.mockito.MockitoContextCustomizer@0, org.springframework.boot.test.web.client.TestRestTemplateContextCustomizer@be35cd9, org.springframework.boot.test.autoconfigure.actuate.metrics.MetricsExportContextCustomizerFactory$DisableMetricExportContextCustomizer@66498326, org.springframework.boot.test.autoconfigure.properties.PropertyMappingContextCustomizer@0, org.springframework.boot.test.autoconfigure.web.servlet.WebDriverContextCustomizerFactory$Customizer@6bedbc4d, org.springframework.boot.test.context.SpringBootTestArgs@1, org.springframework.boot.test.context.SpringBootTestWebEnvironment@4b1c1ea0], resourceBasePath = 'src/main/webapp', contextLoader = 'org.springframework.boot.test.context.SpringBootContextLoader', parent = [null]], attributes = map['org.springframework.test.context.web.ServletTestExecutionListener.activateListener' -> true]], class annotated with @DirtiesContext [false] with mode [null].
18:46:45.174 [main] DEBUG org.springframework.test.context.support.TestPropertySourceUtils - Adding inlined properties to environment: {spring.jmx.enabled=false, org.springframework.boot.test.context.SpringBootTestContextBootstrapper=true}

  .   ____          _            __ _ _
 /\\ / ___'_ __ _ _(_)_ __  __ _ \ \ \ \
( ( )\___ | '_ | '_| | '_ \/ _` | \ \ \ \
 \\/  ___)| |_)| | | | | || (_| |  ) ) ) )
  '  |____| .__|_| |_|_| |_\__, | / / / /
 =========|_|==============|___/=/_/_/_/
 :: Spring Boot ::                (v2.4.2)

2022-03-28 18:46:45.387  INFO 22191 --- [           main] hello.ContractRestClientApplicationTest  : Starting ContractRestClientApplicationTest using Java 11.0.14 on pop-os with PID 22191 (started by 7comm in /home/7comm/workspace/curso-microsservicos-b3/aula-10/examples/complete/contract-rest-client)
2022-03-28 18:46:45.391  INFO 22191 --- [           main] hello.ContractRestClientApplicationTest  : No active profile set, falling back to default profiles: default
2022-03-28 18:46:46.812  INFO 22191 --- [           main] o.s.s.concurrent.ThreadPoolTaskExecutor  : Initializing ExecutorService 'applicationTaskExecutor'
2022-03-28 18:46:47.011  INFO 22191 --- [           main] hello.ContractRestClientApplicationTest  : Started ContractRestClientApplicationTest in 1.83 seconds (JVM running for 2.662)
2022-03-28 18:46:47.279  INFO 22191 --- [           main] o.s.c.c.s.AetherStubDownloaderBuilder    : Will download stubs and contracts via Aether
2022-03-28 18:46:47.311  INFO 22191 --- [           main] o.s.c.c.stubrunner.AetherStubDownloader  : Remote repos not passed but the switch to work offline was set. Stubs will be used from your local Maven repository.
2022-03-28 18:46:47.379  INFO 22191 --- [           main] o.s.c.c.stubrunner.AetherStubDownloader  : Resolved version is [0.0.1-SNAPSHOT]
2022-03-28 18:46:47.387  INFO 22191 --- [           main] o.s.c.c.stubrunner.AetherStubDownloader  : Resolved artifact [com.example:contract-rest-service:jar:stubs:0.0.1-SNAPSHOT] to /home/7comm/.m2/repository/com/example/contract-rest-service/0.0.1-SNAPSHOT/contract-rest-service-0.0.1-SNAPSHOT-stubs.jar
2022-03-28 18:46:47.388  INFO 22191 --- [           main] o.s.c.c.stubrunner.AetherStubDownloader  : Unpacking stub from JAR [URI: file:/home/7comm/.m2/repository/com/example/contract-rest-service/0.0.1-SNAPSHOT/contract-rest-service-0.0.1-SNAPSHOT-stubs.jar]
2022-03-28 18:46:47.390  INFO 22191 --- [           main] o.s.c.c.stubrunner.AetherStubDownloader  : Unpacked file to [/tmp/contracts-1648504007387-0]
2022-03-28 18:46:48.214  INFO 22191 --- [           main] wiremock.org.eclipse.jetty.util.log      : Logging initialized @3864ms to wiremock.org.eclipse.jetty.util.log.Slf4jLog
2022-03-28 18:46:48.319  INFO 22191 --- [           main] w.org.eclipse.jetty.server.Server        : jetty-9.4.30.v20200611; built: 2020-06-11T12:34:51.929Z; git: 271836e4c1f4612f12b7bb13ef5a92a927634b0d; jvm 11.0.14+9-Ubuntu-0ubuntu2.22.10
2022-03-28 18:46:48.332  INFO 22191 --- [           main] w.o.e.j.server.handler.ContextHandler    : Started w.o.e.j.s.ServletContextHandler@75c0cd39{/__admin,null,AVAILABLE}
2022-03-28 18:46:48.333  INFO 22191 --- [           main] w.o.e.j.server.handler.ContextHandler    : Started w.o.e.j.s.ServletContextHandler@2e9dcdd3{/,null,AVAILABLE}
2022-03-28 18:46:48.347  INFO 22191 --- [           main] w.o.e.jetty.server.AbstractConnector     : Started NetworkTrafficServerConnector@220be130{HTTP/1.1, (http/1.1)}{0.0.0.0:8100}
2022-03-28 18:46:48.348  INFO 22191 --- [           main] w.org.eclipse.jetty.server.Server        : Started @3998ms
2022-03-28 18:46:48.469  INFO 22191 --- [tp1407036358-28] w.o.e.j.s.h.ContextHandler.__admin       : RequestHandlerClass from context returned com.github.tomakehurst.wiremock.http.AdminRequestHandler. Normalized mapped under returned 'null'
2022-03-28 18:46:48.481  INFO 22191 --- [tp1407036358-28] WireMock                                 : Admin request received:
127.0.0.1 - POST /mappings

Connection: [keep-alive]
User-Agent: [Apache-HttpClient/4.5.12 (Java/11.0.14)]
Host: [localhost:8100]
Content-Length: [225]
Content-Type: [text/plain; charset=UTF-8]
{
  "id" : "b5b84b28-6dcb-4d7a-b3a0-1a5add59ae96",
  "request" : {
    "url" : "/ping",
    "method" : "GET"
  },
  "response" : {
    "status" : 200,
    "body" : "OK"
  },
  "uuid" : "b5b84b28-6dcb-4d7a-b3a0-1a5add59ae96"
}

2022-03-28 18:46:48.524  INFO 22191 --- [tp1407036358-22] WireMock                                 : Admin request received:
127.0.0.1 - POST /mappings

Connection: [keep-alive]
User-Agent: [Apache-HttpClient/4.5.12 (Java/11.0.14)]
Host: [localhost:8100]
Content-Length: [227]
Content-Type: [text/plain; charset=UTF-8]
{
  "id" : "4ce57bb3-7f00-4d00-9e0c-6d4ddaeca7e7",
  "request" : {
    "url" : "/health",
    "method" : "GET"
  },
  "response" : {
    "status" : 200,
    "body" : "OK"
  },
  "uuid" : "4ce57bb3-7f00-4d00-9e0c-6d4ddaeca7e7"
}

2022-03-28 18:46:48.547  INFO 22191 --- [tp1407036358-27] WireMock                                 : Admin request received:
127.0.0.1 - POST /mappings

Connection: [keep-alive]
User-Agent: [Apache-HttpClient/4.5.12 (Java/11.0.14)]
Host: [localhost:8100]
Content-Length: [419]
Content-Type: [text/plain; charset=UTF-8]
{
  "id" : "e6485436-438b-4f46-a73f-424574843ea8",
  "request" : {
    "url" : "/person/1",
    "method" : "GET"
  },
  "response" : {
    "status" : 200,
    "body" : "{\"id\":1,\"name\":\"outro nome\",\"surname\":\"bee\"}",
    "headers" : {
      "Content-Type" : "application/json"
    },
    "transformers" : [ "response-template", "spring-cloud-contract" ]
  },
  "uuid" : "e6485436-438b-4f46-a73f-424574843ea8"
}

2022-03-28 18:46:48.566  INFO 22191 --- [           main] o.s.c.contract.stubrunner.StubServer     : Started stub server for project [com.example:contract-rest-service:0.0.1-SNAPSHOT:stubs] on port 8100 with [1] mappings
2022-03-28 18:46:48.567  INFO 22191 --- [           main] o.s.c.c.stubrunner.StubRunnerExecutor    : All stubs are now running RunningStubs [namesAndPorts={com.example:contract-rest-service:0.0.1-SNAPSHOT:stubs=8100}]
2022-03-28 18:46:48.644  INFO 22191 --- [tp1407036358-21] w.o.e.j.s.handler.ContextHandler.ROOT    : RequestHandlerClass from context returned com.github.tomakehurst.wiremock.http.StubRequestHandler. Normalized mapped under returned 'null'
2022-03-28 18:46:48.715  INFO 22191 --- [tp1407036358-21] WireMock                                 : Request received:
127.0.0.1 - GET /person/1

Accept: [application/json, application/*+json]
User-Agent: [Java/11.0.14]
Connection: [keep-alive]
Host: [localhost:8100]



Matched response definition:
{
  "status" : 200,
  "body" : "{\"id\":1,\"name\":\"outro nome\",\"surname\":\"bee\"}",
  "headers" : {
    "Content-Type" : "application/json"
  },
  "transformers" : [ "response-template", "spring-cloud-contract" ]
}

Response:
HTTP/1.1 200
Content-Type: [application/json]
Matched-Stub-Id: [e6485436-438b-4f46-a73f-424574843ea8]


2022-03-28 18:46:48.768  INFO 22191 --- [           main] w.o.e.jetty.server.AbstractConnector     : Stopped NetworkTrafficServerConnector@220be130{HTTP/1.1, (http/1.1)}{0.0.0.0:8100}
2022-03-28 18:46:48.769  INFO 22191 --- [           main] w.o.e.j.server.handler.ContextHandler    : Stopped w.o.e.j.s.ServletContextHandler@2e9dcdd3{/,null,UNAVAILABLE}
2022-03-28 18:46:48.769  INFO 22191 --- [           main] w.o.e.j.server.handler.ContextHandler    : Stopped w.o.e.j.s.ServletContextHandler@75c0cd39{/__admin,null,UNAVAILABLE}
]]></system-out>
  </testcase>
</testsuite>